<?xml version="1.0" encoding="UTF-8"?>
<!-- Generated by org.testng.reporters.JUnitXMLReporter -->
<testsuite hostname="derek-Aspire-S3" name="Default test" tests="7" failures="0" timestamp="20 Nov 2014 18:39:21 GMT" time="0.34" errors="0">
  <testcase name="testAddPiece" time="0.017" classname="game.TestNG"/>
  <testcase name="testBoardInstantiation" time="0.001" classname="game.TestNG"/>
  <testcase name="testCheck" time="0.007" classname="game.TestNG"/>
  <testcase name="testCheckMate" time="0.005" classname="game.TestNG"/>
  <testcase name="testFuzzInput" time="0.277" classname="game.TestNG"/>
  <testcase name="testGameInstantiation" time="0.001" classname="game.TestNG"/>
  <testcase name="testPieceInstantiation" time="0.001" classname="game.TestNG"/>
</testsuite> <!-- Default test -->
